# JRE version: Java(TM) SE Runtime Environment (17.0.11+7) (build 17.0.11+7-LTS-207)
# Java VM: Java HotSpot(TM) 64-Bit Server VM (17.0.11+7-LTS-207, mixed mode, sharing, tiered, compressed oops, compressed class ptrs, g1 gc, windows-amd64)
GC Precious Log:
 CPUs: 4 total, 4 available
 Memory: 3503M
 Large Page Support: Disabled
 NUMA Support: Disabled
 Compressed Oops: Enabled (32-bit)
 Heap Region Size: 1M
 Heap Min Capacity: 256M
 Heap Initial Capacity: 256M
 Heap Max Capacity: 512M
 Pre-touch: Disabled
 Parallel Workers: 4
 Concurrent Workers: 1
 Concurrent Refinement Workers: 4
 Periodic GC: Disabled
Heap:
 garbage-first heap   total 262144K, used 61888K [0x00000000e0000000, 0x0000000100000000)
  region size 1024K, 32 young (32768K), 15 survivors (15360K)
 Metaspace       used 53140K, committed 53888K, reserved 278528K
  class space    used 7460K, committed 7808K, reserved 212992K
GC Heap History (14 events):
Event: 0.823 GC heap before
{Heap before GC invocations=0 (full 0):
 garbage-first heap   total 262144K, used 13312K [0x00000000e0000000, 0x0000000100000000)
  region size 1024K, 13 young (13312K), 0 survivors (0K)
 Metaspace       used 975K, committed 1088K, reserved 278528K
  class space    used 74K, committed 128K, reserved 212992K
}
Event: 0.829 GC heap after
{Heap after GC invocations=1 (full 0):
 garbage-first heap   total 262144K, used 3444K [0x00000000e0000000, 0x0000000100000000)
  region size 1024K, 2 young (2048K), 2 survivors (2048K)
 Metaspace       used 975K, committed 1088K, reserved 278528K
  class space    used 74K, committed 128K, reserved 212992K
}
Event: 1.848 GC heap before
{Heap before GC invocations=1 (full 0):
 garbage-first heap   total 262144K, used 22900K [0x00000000e0000000, 0x0000000100000000)
  region size 1024K, 17 young (17408K), 2 survivors (2048K)
 Metaspace       used 3860K, committed 4032K, reserved 278528K
  class space    used 474K, committed 576K, reserved 212992K
}
Event: 1.853 GC heap after
{Heap after GC invocations=2 (full 0):
 garbage-first heap   total 262144K, used 10477K [0x00000000e0000000, 0x0000000100000000)
  region size 1024K, 3 young (3072K), 3 survivors (3072K)
 Metaspace       used 3860K, committed 4032K, reserved 278528K
  class space    used 474K, committed 576K, reserved 212992K
}
Event: 2.387 GC heap before
{Heap before GC invocations=2 (full 0):
 garbage-first heap   total 262144K, used 33005K [0x00000000e0000000, 0x0000000100000000)
  region size 1024K, 24 young (24576K), 3 survivors (3072K)
 Metaspace       used 3943K, committed 4096K, reserved 278528K
  class space    used 475K, committed 576K, reserved 212992K
}
Event: 2.392 GC heap after
{Heap after GC invocations=3 (full 0):
 garbage-first heap   total 262144K, used 12285K [0x00000000e0000000, 0x0000000100000000)
  region size 1024K, 2 young (2048K), 2 survivors (2048K)
 Metaspace       used 3943K, committed 4096K, reserved 278528K
  class space    used 475K, committed 576K, reserved 212992K
}
Event: 6.962 GC heap before
{Heap before GC invocations=3 (full 0):
 garbage-first heap   total 262144K, used 116733K [0x00000000e0000000, 0x0000000100000000)
  region size 1024K, 105 young (107520K), 2 survivors (2048K)
 Metaspace       used 21177K, committed 21504K, reserved 278528K
  class space    used 3159K, committed 3328K, reserved 212992K
}
Event: 6.981 GC heap after
{Heap after GC invocations=4 (full 0):
 garbage-first heap   total 262144K, used 21933K [0x00000000e0000000, 0x0000000100000000)
  region size 1024K, 12 young (12288K), 12 survivors (12288K)
 Metaspace       used 21177K, committed 21504K, reserved 278528K
  class space    used 3159K, committed 3328K, reserved 212992K
}
Event: 10.888 GC heap before
{Heap before GC invocations=5 (full 0):
 garbage-first heap   total 262144K, used 127405K [0x00000000e0000000, 0x0000000100000000)
  region size 1024K, 113 young (115712K), 12 survivors (12288K)
 Metaspace       used 35582K, committed 35968K, reserved 278528K
  class space    used 4936K, committed 5120K, reserved 212992K
}
Event: 10.914 GC heap after
{Heap after GC invocations=6 (full 0):
 garbage-first heap   total 262144K, used 31605K [0x00000000e0000000, 0x0000000100000000)
  region size 1024K, 9 young (9216K), 9 survivors (9216K)
 Metaspace       used 35582K, committed 35968K, reserved 278528K
  class space    used 4936K, committed 5120K, reserved 212992K
}
Event: 14.951 GC heap before
{Heap before GC invocations=7 (full 0):
 garbage-first heap   total 262144K, used 141173K [0x00000000e0000000, 0x0000000100000000)
  region size 1024K, 116 young (118784K), 9 survivors (9216K)
 Metaspace       used 45607K, committed 46144K, reserved 278528K
  class space    used 6434K, committed 6656K, reserved 212992K
}
Event: 14.974 GC heap after
{Heap after GC invocations=8 (full 0):
 garbage-first heap   total 262144K, used 40248K [0x00000000e0000000, 0x0000000100000000)
  region size 1024K, 10 young (10240K), 10 survivors (10240K)
 Metaspace       used 45607K, committed 46144K, reserved 278528K
  class space    used 6434K, committed 6656K, reserved 212992K
}
Event: 203.584 GC heap before
{Heap before GC invocations=9 (full 0):
 garbage-first heap   total 262144K, used 188728K [0x00000000e0000000, 0x0000000100000000)
  region size 1024K, 153 young (156672K), 10 survivors (10240K)
 Metaspace       used 53026K, committed 53760K, reserved 278528K
  class space    used 7448K, committed 7808K, reserved 212992K
}
Event: 203.795 GC heap after
{Heap after GC invocations=10 (full 0):
 garbage-first heap   total 262144K, used 45504K [0x00000000e0000000, 0x0000000100000000)
  region size 1024K, 15 young (15360K), 15 survivors (15360K)
 Metaspace       used 53026K, committed 53760K, reserved 278528K
  class space    used 7448K, committed 7808K, reserved 212992K
}

